<?xml version="1.0" encoding="UTF-8"?>
<testExecutions version="1">
  <file path="C:\Users\alanz\Documents\Johns Hopkins University\uCredit\ucredit_frontend_typescript\src\components\landing-page\landing.test.tsx">
    <testCase name="contact us opens application page" duration="136"/>
    <testCase name="Able to close application page" duration="51"/>
    <testCase name="Empty application is not submitted" duration="43"/>
    <testCase name="Get started redirects" duration="26"/>
    <testCase name="Carousel navigation exists" duration="124"/>
    <testCase name="Navigation arrows works" duration="62"/>
    <testCase name="Navigation circles work" duration="36"/>
  </file>
  <file path="C:\Users\alanz\Documents\Johns Hopkins University\uCredit\ucredit_frontend_typescript\src\components\login\login.test.tsx">
    <testCase name="SSO login and guest login exist" duration="80"/>
    <testCase name="SSO login has correct redirect" duration="28"/>
    <testCase name="Guest login continues" duration="169"/>
  </file>
  <file path="C:\Users\alanz\Documents\Johns Hopkins University\uCredit\ucredit_frontend_typescript\src\components\dashboard\dashboard.test.tsx">
    <testCase name="Correctly logs in as guest user and adding a new plan starts" duration="227"/>
    <testCase name="Unable to login without choosing a major" duration="76"/>
    <testCase name="Able to select major" duration="49"/>
  </file>
</testExecutions>